<?xml version="1.0" encoding="UTF-8"?>
<!-- Generated by org.testng.reporters.JUnitReportReporter -->
<testsuite hostname="DESKTOP-LBKNJGC" failures="0" tests="1" name="testscripts.opengoogle" time="15.855" errors="0" timestamp="04 Mar 2020 06:44:41 GMT" skipped="0">
  <testcase classname="testscripts.opengoogle" name="opengoogle" time="15.855"/>
</testsuite> <!-- testscripts.opengoogle -->
