<?xml version="1.0" encoding="UTF-8"?>
<!-- Generated by org.testng.reporters.JUnitReportReporter -->
<testsuite hostname="DESKTOP-LBKNJGC" failures="0" tests="1" name="testscripts.verifylogin" time="27.330" errors="0" timestamp="04 Mar 2020 06:44:41 GMT" skipped="0">
  <testcase classname="testscripts.verifylogin" name="verifyuserlogin" time="27.330"/>
</testsuite> <!-- testscripts.verifylogin -->
